1.84019	39.4383	78.3099	79.844	0	0	0
1.91165	19.7551	33.5223	76.823	0	0	0
1.27777	55.397	47.7397	62.8871	0	0	0
1.36478	51.3401	95.223	91.6195	0	0	0
1.63571	71.7297	14.1603	60.6969	0	0	0
1.0163	24.2887	13.7232	80.4177	0	0	0
1.15668	40.0944	12.979	10.8809	0	0	0
1.99892	21.8257	51.2932	83.9112	0	0	0
1.61264	29.6032	63.7552	52.4287	0	0	0
1.49358	97.2775	29.2517	77.1358	0	0	0
1.52674	76.9914	40.0229	89.1529	0	0	0
1.28331	35.2458	80.7725	91.9026	0	0	0
1.06976	94.9327	52.5995	8.60558	0	0	0
1.19221	66.3227	89.0233	34.8893	0	0	0
1.06417	2.0023	45.7702	6.30958	0	0	0
1.23828	97.0634	90.2208	85.092	0	0	0
1.26667	53.976	37.5207	76.0249	0	0	0
1.51254	66.7724	53.1606	3.92803	0	0	0
1.43764	93.1835	93.081	72.0952	0	0	0
1.28429	73.8534	63.9979	35.4049	0	0	0
1.68786	16.5974	44.0105	88.0075	0	0	0
1.8292	33.0337	22.8968	89.3372	0	0	0
1.35036	68.667	95.6468	58.864	0	0	0
1.6573	85.8676	43.956	92.397	0	0	0
1.39844	81.4767	68.4219	91.0972	0	0	0
1.48249	21.5825	95.0252	92.0128	0	0	0
1.14766	88.1062	64.1081	43.1953	0	0	0
1.6196	28.1059	78.6002	30.7458	0	0	0
1.44703	22.6107	18.7533	27.6235	0	0	0
1.55644	41.6501	16.9607	90.6804	0	0	0
1.10317	12.6075	49.5444	76.0475	0	0	0
1.98475	93.5004	68.4445	38.3188	0	0	0
1.74977	36.8664	29.416	23.2262	0	0	0
1.58449	24.4413	15.239	73.2149	0	0	0
1.12547	79.347	16.4102	74.5071	0	0	0
1.07453	95.0104	5.25293	52.1563	0	0	0
1.17621	24.0062	79.7798	73.2654	0	0	0
1.65656	96.7405	63.9458	75.9735	0	0	0
1.09348	13.4902	52.021	7.82321	0	0	0
1.06991	20.4655	46.142	81.9677	0	0	0
1.57332	75.5581	5.19388	15.7807	0	0	0
1.99999	20.4329	88.9956	12.5468	0	0	0
1.9978	5.40576	87.054	7.23288	0	0	0
1.00416	92.3069	59.3892	18.0372	0	0	0
1.16313	39.169	91.3027	81.9695	0	0	0
1.3591	55.2485	57.943	45.2576	0	0	0
1.68739	9.96401	53.0808	75.7294	0	0	0
1.3043	99.2228	57.6971	87.7614	0	0	0
1.74781	62.891	3.54209	74.7803	0	0	0
1.83324	92.5377	87.3271	83.1038	0	0	0
1.97943	74.3811	90.3366	98.3596	0	0	0
1.66688	49.7259	16.3968	83.0012	0	0	0
1.88895	7.69947	64.9707	24.8044	0	0	0
1.62948	22.9137	70.062	31.6867	0	0	0
1.32878	23.1428	7.4161	63.3072	0	0	0
1.22366	65.1132	51.0686	97.1466	0	0	0
1.28004	54.6107	71.9269	11.3281	0	0	0
1.47148	59.254	94.4318	45.0918	0	0	0
1.33635	84.7684	43.4513	0.323146	0	0	0
1.34494	59.8481	83.3243	23.3892	0	0	0
1.67548	48.295	48.1936	30.4956	0	0	0
1.71209	18.2556	62.1823	4.08643	0	0	0
1.41398	69.5984	67.3936	63.764	0	0	0
1.34712	18.4622	60.9106	62.7158	0	0	0
1.73073	32.8374	74.0438	20.2213	0	0	0
1.92091	68.4757	65.313	25.7265	0	0	0
1.53244	8.76436	26.0497	87.7384	0	0	0
1.68612	9.37402	11.1276	36.1601	0	0	0
1.57669	59.3211	66.6557	28.8778	0	0	0
1.77577	28.8379	32.9642	18.9751	0	0	0
1.98436	0.357857	82.7391	33.1479	0	0	0
1.1882	43.6497	95.8637	91.893	0	0	0
1.76487	69.9075	12.1143	68.5786	0	0	0
1.38383	77.4273	94.3051	91.6273	0	0	0
1.86192	20.3548	79.3657	54.8042	0	0	0
1.29729	90.4932	90.9643	87.3979	0	0	0
1.49814	57.62	16.2757	27.3911	0	0	0
1.86458	49.2399	46.3662	84.8942	0	0	0
1.49598	29.1053	18.0421	68.4178	0	0	0
1.72755	13.9058	60.3109	49.2422	0	0	0
1.83813	72.4252	17.8208	22.1966	0	0	0
1.49853	12.1259	13.8238	36.0443	0	0	0
1.32481	93.1895	90.8485	62.2095	0	0	0
1.83683	81.8128	49.6074	33.4972	0	0	0
1.39433	65.8831	60.8883	25.8906	0	0	0
1.15123	7.2545	10.7848	64.7207	0	0	0
1.3636	28.827	33.1386	9.11486	0	0	0
1.42733	93.4495	58.357	26.5461	0	0	0
1.65875	76.1778	48.7427	15.7272	0	0	0
1.88304	62.5665	51.7715	20.7844	0	0	0
1.55756	42.6199	82.9939	39.4388	0	0	0
1.24433	32.6013	72.936	63.8654	0	0	0
1.98484	33.8243	89.756	13.6075	0	0	0
1.41079	0.540855	78.3282	77.4386	0	0	0
1.29368	11.4668	86.5535	72.1006	0	0	0
1.04916	44.9105	98.6467	70.7909	0	0	0
1.21088	47.3894	86.5181	9.39195	0	0	0
1.09956	38.2896	30.1763	65.712	0	0	0
1.8091	13.1702	5.15083	5.34223	0	0	0
1.45772	78.0868	69.2076	44.256	0	0	0
1.11911	58.9637	57.8635	52.9899	0	0	0
1.59505	36.1917	30.4285	88.8723	0	0	0
1.47658	16.982	60.9729	52.5747	0	0	0
1.61893	59.6196	23.3656	82.9808	0	0	0
1.07009	9.88374	92.3728	16.965	0	0	0
1.48173	22.5491	82.6769	29.0829	0	0	0
1.35719	87.8278	34.4251	81.4909	0	0	0
1.65915	3.63274	25.7469	77.8257	0	0	0
1.62596	83.6104	30.8157	22.1009	0	0	0
1.19802	61.2442	10.9733	67.4605	0	0	0
1.78226	71.9462	20.0352	40.1188	0	0	0
1.31566	43.4009	23.0996	38.5748	0	0	0
1.53285	15.4724	55.5398	1.45793	0	0	0
1.38021	38.2167	30.5408	73.7408	0	0	0
1.26044	64.9659	55.2316	91.9591	0	0	0
1.68599	80.9785	69.7848	31.195	0	0	0
1.64589	0.600477	53.296	84.391	0	0	0
1.61845	64.2693	51.8515	40.0709	0	0	0
1.36215	71.8867	80.1897	67.7812	0	0	0
1.15288	3.28927	6.35606	68.5722	0	0	0
1.18762	61.8958	70.0301	56.7831	0	0	0
1.00113	0.570914	30.5239	26.157	0	0	0
1.65537	85.7555	18.1161	34.1354	0	0	0
1.66734	87.9009	65.3305	31.323	0	0	0
1.88501	18.6265	15.7139	50.3461	0	0	0
1.82896	67.5654	90.417	19.1112	0	0	0
1.39452	70.6067	86.8924	54.7397	0	0	0
1.73896	93.2485	23.3119	92.6576	0	0	0
1.55144	93.342	49.4407	55.2568	0	0	0
1.93913	79.9646	81.4139	59.4497	0	0	0
1.6572	99.53	93.5852	32.4541	0	0	0
1.87431	58.9157	63.7771	75.9324	0	0	0
1.77542	79.491	26.2785	60.4379	0	0	0
1.47056	16.6955	79.549	86.5086	0	0	0
1.87302	66.4414	41.2483	61.1981	0	0	0
1.5969	64.5601	53.8557	14.8342	0	0	0
1.57902	3.29634	70.091	51.8151	0	0	0
1.83261	51.5049	11.2648	48.981	0	0	0
1.51035	4.84997	81.4351	38.4658	0	0	0
1.63766	45.2122	14.3982	41.3078	0	0	0
1.24703	40.6767	1.74566	71.7597	0	0	0
1.57372	81.2947	58.2682	44.6743	0	0	0
1.47736	99.5165	5.87232	7.42604	0	0	0
1.64077	59.728	22.2602	21.9788	0	0	0
1.63024	92.3513	73.7939	46.2852	0	0	0
1.43856	85.0586	95.2662	94.8911	0	0	0
1.89909	76.7014	33.3569	53.6742	0	0	0
1.21914	47.7551	94.982	46.6169	0	0	0
1.88432	96.7277	18.3765	45.8039	0	0	0
1.78022	76.6448	90.4782	25.7585	0	0	0
1.76161	96.3505	33.1846	40.2379	0	0	0
1.56078	55.4448	62.2167	19.1028	0	0	0
1.47796	36.0105	65.388	91.6523	0	0	0
1.21069	60.6542	86.5434	10.9778	0	0	0
1.37356	19.9003	64.652	59.2692	0	0	0
1.67655	59.6341	5.88605	56.0872	0	0	0
1.56362	24.2626	1.89108	34.3841	0	0	0
1.00907	92.3692	60.1427	77.0686	0	0	0
1.8872	93.3273	17.3065	44.7982	0	0	0
1.48772	79.5231	63.9009	96.5682	0	0	0
1.15534	29.2889	88.2204	36.6028	0	0	0
1.89943	74.7638	47.5806	27.2987	0	0	0
1.94664	12.2326	86.5679	62.3194	0	0	0
1.71867	92.454	18.4066	28.2284	0	0	0
1.16717	20.2977	62.6125	17.6239	0	0	0
1.12667	22.7552	94.6925	1.38663	0	0	0
1.16082	11.9989	46.1848	64.8545	0	0	0
1.91522	10.0857	61.4227	7.0557	0	0	0
1.39375	49.6431	43.6585	29.3177	0	0	0
1.24407	91.2391	56.6164	19.0709	0	0	0
1.03472	43.1844	81.3904	75.3383	0	0	0
1.35638	99.797	3.56664	52.3548	0	0	0
1.20095	66.1792	69.9787	32.7616	0	0	0
1.88934	64.6712	34.1482	5.01679	0	0	0
1.7667	80.333	69.8713	68.1922	0	0	0
1.90419	31.294	75.2479	29.7933	0	0	0
1.80937	18.9064	59.1111	5.34394	0	0	0
1.10145	15.7275	24.4149	13.6171	0	0	0
1.58912	5.80523	88.9553	94.5502	0	0	0
1.05602	92.522	46.905	25.6969	0	0	0
1.58701	16.8837	58.4585	47.6355	0	0	0
1.81555	92.6068	52.6523	58.225	0	0	0
1.7294	22.5236	26.4172	63.3585	0	0	0
1.53818	1.66506	93.1518	34.7546	0	0	0
1.20571	52.2629	40.0985	30.7168	0	0	0
1.6799	64.5134	44.3339	26.9022	0	0	0
1.70319	33.2892	21.4524	75.9208	0	0	0
1.25811	68.3574	1.61775	84.5123	0	0	0
1.85241	60.0763	32.1478	66.796	0	0	0
1.52683	84.8	25.021	25.6228	0	0	0
1.07324	51.4382	88.9813	61.1411	0	0	0
1.53103	82.1331	95.8957	73.6747	0	0	0
1.34396	35.9942	4.39153	2.38632	0	0	0
1.00508	48.7254	29.2886	70.8262	0	0	0
1.82015	50.741	46.7471	7.82579	0	0	0
1.19098	48.3648	92.3381	4.33947	0	0	0
1.08441	24.4858	71.1355	61.1241	0	0	0
1.09286	96.1565	86.7469	16.6094	0	0	0
1.47595	75.7282	77.7505	0.698012	0	0	0
1.57861	73.6462	74.3727	92.2572	0	0	0
1.0964	78.7642	94.6435	10.148	0	0	0
1.2749	23.9321	80.9743	9.50427	0	0	0
1.74673	27.7214	17.3301	93.7714	0	0	0
1.76086	9.66814	98.1109	84.5273	0	0	0
1.34154	69.2463	45.6514	43.4398	0	0	0
1.65403	32.3983	60.0492	12.9976	0	0	0
1.08127	37.7997	13.6956	65.9878	0	0	0
1.11446	88.0683	58.245	21.0863	0	0	0
1.66833	52.8885	31.2343	94.3222	0	0	0
1.76821	12.2086	3.82648	51.4936	0	0	0
1.3993	21.1565	45.265	16.0162	0	0	0
1.30825	43.3758	0.543489	64.9787	0	0	0
1.12622	46.1949	8.41846	78.0251	0	0	0
1.78593	68.4677	91.0227	86.7197	0	0	0
1.06267	4.71826	52.7075	17.7133	0	0	0
1.92787	10.9525	38.7996	59.6191	0	0	0
1.63841	70.034	53.9413	40.6615	0	0	0
1.82243	57.7678	92.1551	22.1726	0	0	0
1.78924	37.4201	38.1888	9.74906	0	0	0
1.80796	38.7323	74.7277	93.4181	0	0	0
1.84927	83.1462	71.4432	63.5204	0	0	0
1.51614	62.4658	50.2401	57.8813	0	0	0
1.67184	2.94762	75.5945	59.9707	0	0	0
1.139	14.3942	19.5898	77.741	0	0	0
1.84428	73.5311	18.4025	66.6707	0	0	0
1.31299	10.5576	88.8433	10.2233	0	0	0
1.47978	27.0321	19.9724	28.7736	0	0	0
1.65764	94.7001	22.1918	50.6915	0	0	0
1.77846	93.6349	14.2119	29.4601	0	0	0
1.56101	64.452	87.3414	23.2848	0	0	0
1.674	62.9359	83.2555	81.2997	0	0	0
1.7733	2.84525	59.0407	61.7582	0	0	0
1.76376	77.4432	28.4289	7.67534	0	0	0
1.88001	17.2722	17.8987	35.9786	0	0	0
1.44304	37.871	64.7522	10.0686	0	0	0
1.32571	86.944	60.76	10.4174	0	0	0
1.80579	74.9719	39.8775	36.6796	0	0	0
1.39424	27.2189	59.9644	6.82348	0	0	0
1.90155	43.2199	88.1232	67.485	0	0	0
1.46065	47.1639	29.2432	22.4415	0	0	0
1.24607	57.6721	30.1169	12.608	0	0	0
1.74944	48.0156	48.5866	19.2486	0	0	0
1.85887	13.3388	29.3171	18.4577	0	0	0
1.00283	90.0772	28.8752	80.8617	0	0	0
1.65049	68.7527	17.5413	4.47295	0	0	0
1.95972	77.5058	11.2964	86.1265	0	0	0
1.20726	99.4196	53.6115	66.7908	0	0	0
1.46583	82.8546	89.2324	71.1906	0	0	0
1.40527	19.3493	83.7986	15.4711	0	0	0
1.67365	32.3852	34.7196	53.2514	0	0	0
1.45724	64.0368	71.7092	46.0067	0	0	0
1.54114	0.584319	26.8684	19.163	0	0	0
1.69337	44.4097	23.636	65.3087	0	0	0
1.21915	34.9324	51.4352	42.6412	0	0	0
1.34352	5.04663	9.43199	80.9355	0	0	0
1.87901	98.6644	52.1261	28.428	0	0	0
1.18014	35.9247	43.899	85.3785	0	0	0
1.6831	78.6187	38.6299	14.0338	0	0	0
1.42655	10.339	60.0405	96.7694	0	0	0
1.10923	86.909	15.9324	80.2604	0	0	0
1.31319	39.5684	45.569	53.2342	0	0	0
1.74501	97.0042	95.8753	8.85283	0	0	0
1.02051	5.30733	89.7883	89.9521	0	0	0
1.03972	41.9144	18.3801	21.9853	0	0	0
1.77839	62.2791	7.36379	46.1489	0	0	0
1.40898	45.9937	60.1827	83.5533	0	0	0
1.56333	20.2232	80.3227	67.256	0	0	0
1.07132	96.2551	47.5164	38.4509	0	0	0
1.35824	93.0854	91.6851	10.3244	0	0	0
1.9009	87.5604	19.1772	92.1405	0	0	0
1.92868	8.9655	82.0926	96.8395	0	0	0
1.5088	0.472651	18.8248	28.7189	0	0	0
1.62752	26.1886	74.8678	3.64959	0	0	0
1.72182	35.0505	87.2028	28.5149	0	0	0
1.55274	67.5255	95.7709	62.406	0	0	0
1.63781	43.2873	0.856861	99.6042	0	0	0
1.36373	92.542	9.92851	26.4624	0	0	0
1.80102	29.1057	18.6029	72.9702	0	0	0
1.38071	0.695418	69.8096	88.9511	0	0	0
1.01168	88.6344	17.67	63.9199	0	0	0
1.14823	92.5379	67.5694	87.0053	0	0	0
1.27588	54.7723	15.5202	82.8622	0	0	0
1.22298	11.2911	45.2681	86.0784	0	0	0
1.54578	46.125	85.6826	90.9512	0	0	0
1.38667	95.6111	17.4136	18.7693	0	0	0
1.24717	36.0164	91.7395	62.788	0	0	0
1.36712	61.5491	51.7391	37.8799	0	0	0
1.50184	69.4091	1.79977	65.0066	0	0	0
1.61947	69.3692	52.0118	89.5354	0	0	0
1.24141	67.532	72.3975	46.4393	0	0	0
1.78823	17.6656	32.5177	33.4016	0	0	0
1.63791	18.2003	24.3528	2.45755	0	0	0
1.13811	41.7663	21.2269	38.5282	0	0	0
1.77783	12.9663	1.31615	14.4946	0	0	0
1.74515	53.0552	52.3745	24.699	0	0	0
1.22464	54.1743	89.7055	84.4113	0	0	0
1.23544	41.7174	73.9467	47.685	0	0	0
1.09249	46.3442	94.1243	88.0725	0	0	0
1.6401	26.642	21.4741	27.8005	0	0	0
1.44842	45.8269	30.258	58.6537	0	0	0
1.87593	51.4849	97.1818	65.376	0	0	0
1.64451	98.498	79.8706	38.9667	0	0	0
1.51553	32.2451	63.6656	74.0175	0	0	0
1.86419	53.3712	58.4288	9.96293	0	0	0
1.95089	32.3755	57.6479	4.3379	0	0	0
1.7872	51.7722	92.4104	42.7295	0	0	0
1.78414	13.8845	70.53	23.2565	0	0	0
1.59711	0.788008	81.9102	47.3045	0	0	0
1.52273	79.092	12.6805	16.7241	0	0	0
1.7759	92.5511	55.6908	29.1431	0	0	0
1.24796	19.3564	3.16064	11.2157	0	0	0
1.72728	61.5894	21.1786	67.8161	0	0	0
1.93965	78.8265	72.154	72.6846	0	0	0
1.30599	64.5644	15.4141	9.01297	0	0	0
1.78449	85.9441	32.2695	38.1603	0	0	0
1.86732	14.1796	85.4648	39.005	0	0	0
1.93272	98.1453	55.7291	70.8616	0	0	0
1.90696	11.4199	0.00468777	15.4927	0	0	0
1.30776	3.16532	26.7083	3.50389	0	0	0
1.64755	47.8869	71.32	58.7197	0	0	0
1.26713	43.474	31.4043	57.3122	0	0	0
1.08038	46.8185	66.3252	86.4873	0	0	0
1.32763	98.5946	24.6476	19.4948	0	0	0
1.12774	10.1124	58.4998	6.04589	0	0	0
1.08258	14.2289	76.9074	98.9541	0	0	0
1.25649	76.9121	14.4468	56.4252	0	0	0
1.80077	41.1551	59.9291	44.8322	0	0	0
1.89042	31.2491	3.55193	15.7555	0	0	0
1.74723	34.9562	73.0677	82.7615	0	0	0
1.81775	39.3928	69.2488	14.5373	0	0	0
1.37987	93.8963	34.0321	50.7617	0	0	0
1.04009	92.5318	56.8076	12.2664	0	0	0
1.06761	33.715	11.2205	32.4096	0	0	0
1.10627	25.6673	88.8348	90.7046	0	0	0
1.66822	48.7639	35.5369	55.8645	0	0	0
1.80013	39.0888	71.6199	54.736	0	0	0
1.74045	44.6876	37.4975	55.8198	0	0	0
1.8408	6.74623	70.3571	22.0679	0	0	0
1.00643	4.38913	72.8296	4.65127	0	0	0
1.96921	29.6372	16.9177	3.68176	0	0	0
1.63352	28.1382	36.0914	73.9794	0	0	0
1.53806	24.9262	64.684	20.628	0	0	0
1.7369	0.220922	76.4925	53.703	0	0	0
1.3931	48.1124	8.43902	13.3548	0	0	0
1.928	45.9365	69.1745	76.8804	0	0	0
1.52683	39.5316	98.9483	53.3253	0	0	0
1.43921	71.7778	57.9765	40.8417	0	0	0
1.01415	74.8942	44.5235	64.7672	0	0	0
1.03032	80.6149	38.7466	56.8379	0	0	0
1.05541	3.43068	77.4659	79.2311	0	0	0
1.03652	53.9584	32.9342	42.9613	0	0	0
1.02071	41.3732	56.3161	94.8708	0	0	0
1.8731	25.4906	71.7512	39.9924	0	0	0
1.65022	70.6995	93.3176	8.94297	0	0	0
1.42477	51.2941	49.7847	43.8924	0	0	0
1.26188	94.3081	8.65962	29.2207	0	0	0
1.74923	47.4063	86.0587	80.4641	0	0	0
1.50837	63.5246	59.6952	54.4885	0	0	0
1.17483	92.6294	97.4499	19.5538	0	0	0
1.34003	53.766	14.4246	21.3122	0	0	0
1.79257	86.1759	61.3046	44.2789	0	0	0
1.56875	54.6222	53.2218	99.3528	0	0	0
1.05916	3.00651	43.2452	32.1047	0	0	0
1.97315	51.9048	61.3254	72.2377	0	0	0
1.99311	47.3841	52.7017	50.148	0	0	0
1.10909	12.3969	4.63652	28.3917	0	0	0
1.05026	2.08639	47.9455	39.0289	0	0	0
1.55852	62.3701	60.3411	35.109	0	0	0
1.48546	21.6457	79.3879	5.4214	0	0	0
1.76268	32.6097	4.77418	82.1842	0	0	0
1.35616	48.0193	14.2889	32.9309	0	0	0
1.99924	75.6143	5.16852	99.2352	0	0	0
1.22998	57.8702	49.3831	33.9071	0	0	0
1.70267	54.0197	62.2988	75.2935	0	0	0
1.56106	10.2443	14.3224	11.9584	0	0	0
1.72614	74.6635	47.0674	21.1604	0	0	0
1.96309	26.4553	26.5818	72.5771	0	0	0
1.59065	31.356	54.7613	94.6811	0	0	0
1.79375	69.0502	27.612	79.2995	0	0	0
1.44664	32.7805	78.5346	67.6628	0	0	0
1.90651	27.9178	1.56992	60.9179	0	0	0
1.81937	63.8687	36.2115	38.0434	0	0	0
1.74113	50.5339	50.0019	46.7274	0	0	0
1.25197	97.0693	67.8878	21.5066	0	0	0
1.23525	94.4697	94.0837	82.5895	0	0	0
1.25826	48.845	77.2706	5.20103	0	0	0
1.17895	4.88258	84.5005	62.5596	0	0	0
1.37663	63.0351	30.2225	28.3138	0	0	0
1.90953	31.7924	89.2318	72.8903	0	0	0
1.95661	25.4432	10.9337	69.7741	0	0	0
1.75977	60.9356	16.5015	1.17453	0	0	0
1.58005	84.3894	22.6811	81.5294	0	0	0
1.78859	16.7648	64.1188	4.68473	0	0	0
1.6561	41.3894	9.88576	83.505	0	0	0
1.46272	94.3863	46.0646	83.9351	0	0	0
1.57421	76.2871	12.2489	48.3742	0	0	0
1.0808	1.48069	21.2645	3.74063	0	0	0
1.26924	32.1982	73.5147	2.90106	0	0	0
1.93134	90.0163	4.07559	51.1386	0	0	0
1.74406	26.7567	32.668	53.2647	0	0	0
1.43522	96.7868	57.9494	9.13142	0	0	0
1.38176	67.8351	92.6364	84.4482	0	0	0
1.62221	38.7011	68.3833	19.6428	0	0	0
1.14988	80.6322	68.017	23.0677	0	0	0
1.82113	89.2815	26.8084	9.03681	0	0	0
1.2148	0.323105	11.9379	14.6135	0	0	0
1.90339	16.0135	65.7522	64.745	0	0	0
1.4277	98.4202	18.0096	86.2918	0	0	0
1.95207	75.959	95.4232	33.3832	0	0	0
1.43794	88.0596	17.8314	6.01557	0	0	0
1.26761	86.2147	25.6583	41.7489	0	0	0
1.66847	93.6754	64.8167	48.9597	0	0	0
1.82957	91.625	57.9965	4.43661	0	0	0
1.91948	69.9344	19.0501	82.2875	0	0	0
1.85948	84.8023	47.0325	28.7181	0	0	0
1.83222	65.0421	15.0099	78.4295	0	0	0
1.41001	10.4331	11.8126	84.7953	0	0	0
1.98493	29.644	90.8109	25.2535	0	0	0
1.15859	16.4692	67.0024	82.7056	0	0	0
1.10145	31.8191	31.6653	93.1014	0	0	0
1.23444	89.6618	97.538	15.3923	0	0	0
1.59596	16.5882	97.6798	45.5442	0	0	0
1.0139	44.7123	74.2623	84.613	0	0	0
1.09754	89.2721	63.0424	50.7555	0	0	0
1.99705	74.8551	35.5508	98.198	0	0	0
1.04499	26.3617	23.4514	20.3578	0	0	0
1.42831	90.4539	3.06337	52.9754	0	0	0
1.22273	34.7287	46.0768	45.7171	0	0	0
1.24391	43.6149	61.1093	83.9868	0	0	0
1.60203	58.7891	29.5309	61.5935	0	0	0
1.03501	3.7932	46.2065	13.2558	0	0	0
1.93065	9.24893	64.0113	92.7706	0	0	0
1.84104	99.562	90.9686	88.6031	0	0	0
1.25924	14.42	8.9609	68.7546	0	0	0
1.04874	12.0243	21.73	27.1468	0	0	0
1.46753	67.8068	72.8638	71.1434	0	0	0
1.11422	33.9732	55.1302	71.6247	0	0	0
1.92762	84.6611	33.2182	96.2637	0	0	0
1.88454	79.4247	9.51945	81.5197	0	0	0
1.88674	73.5307	74.2903	72.7776	0	0	0
1.73093	65.2588	61.3807	99.0165	0	0	0
1.79679	70.3416	67.771	84.5527	0	0	0
1.82366	89.501	11.6995	29.1188	0	0	0
1.57308	84.5633	0.262258	68.7294	0	0	0
1.18536	55.3925	40.3541	11.2988	0	0	0
1.40054	73.5723	7.56249	28.508	0	0	0
1.52997	17.0819	10.0276	41.6706	0	0	0
1.90613	84.3179	14.4482	63.7054	0	0	0
1.49577	75.829	62.7219	29.2555	0	0	0
1.46171	30.4929	13.8082	28.5365	0	0	0
1.19994	25.5076	57.6553	77.3016	0	0	0
1.10071	57.9176	46.0309	28.6074	0	0	0
1.1331	86.385	39.9062	53.3636	0	0	0
1.59957	47.4687	81.8716	12.9542	0	0	0
1.64551	91.8992	54.6248	55.1633	0	0	0
1.76217	69.0731	18.8687	25.7939	0	0	0
1.44902	81.5905	55.0494	91.0726	0	0	0
1.12083	68.8576	19.6091	32.0772	0	0	0
1.94365	77.2644	9.37877	4.43619	0	0	0
1.35182	55.4097	33.0436	48.4919	0	0	0
1.41795	72.9499	1.85558	1.75198	0	0	0
1.20419	83.7272	14.7062	84.9692	0	0	0
1.75626	69.3311	40.1325	51.8436	0	0	0
1.38404	59.0012	77.6374	83.3062	0	0	0
1.40592	32.6868	74.3788	52.6751	0	0	0
1.01544	93.9879	84.7523	95.9096	0	0	0
1.71252	94.1311	0.345808	6.43416	0	0	0
1.49541	33.3894	54.9261	91.3355	0	0	0
1.06339	56.7817	93.0875	26.7578	0	0	0
1.40509	7.79371	11.7271	16.1353	0	0	0
1.77125	51.8596	67.9788	15.5289	0	0	0
1.10861	45.6162	98.8351	51.4525	0	0	0
1.78303	73.2138	4.1276	79.8474	0	0	0
1.67202	88.8799	75.7571	38.4539	0	0	0
1.83011	76.1029	44.8881	32.5518	0	0	0
1.09492	99.8142	23.8873	15.8316	0	0	0
1.56596	16.9748	42.5894	97.1047	0	0	0
1.24769	54.3165	13.24	1.89329	0	0	0
1.06176	81.2189	17.4222	17.0368	0	0	0
1.26835	16.2572	68.4893	5.13816	0	0	0
1.89471	72.6169	84.9856	56.6728	0	0	0
1.61497	60.7427	95.1267	44.5079	0	0	0
1.36846	40.0148	77.0597	46.3378	0	0	0
1.39829	0.947013	62.1694	96.4248	0	0	0
1.17922	4.75882	93.5296	42.6904	0	0	0
1.59075	6.7696	44.5836	65.2514	0	0	0
1.87988	62.0058	82.2882	14.8236	0	0	0
1.78263	50.7775	19.9617	67.7342	0	0	0
1.23394	4.94732	24.4069	84.8912	0	0	0
1.6569	19.5336	29.3991	2.53549	0	0	0
1.59548	6.45876	48.8733	99.3774	0	0	0
1.07406	11.0427	95.8022	25.3276	0	0	0
1.15802	89.3318	68.018	74.8768	0	0	0
1.96101	12.6016	40.1282	84.0899	0	0	0
1.74607	22.4164	98.9134	52.8705	0	0	0
1.73194	18.8752	20.6047	96.5882	0	0	0
1.23822	45.0117	81.4794	89.5125	0	0	0
1.64545	10.8785	92.048	24.0937	0	0	0
1.17337	40.9213	23.4711	24.7431	0	0	0
1.51964	19.2734	50.0707	67.7655	0	0	0
1.08605	18.0886	42.6423	4.70658	0	0	0
1.3069	82.7705	88.7965	5.29768	0	0	0
1.05187	87.7099	58.1682	78.3807	0	0	0
1.06585	78.7729	74.969	30.4075	0	0	0
1.23785	56.4484	19.92	88.3299	0	0	0
1.67327	11.9679	12.4236	84.6642	0	0	0
1.52889	35.8948	9.40727	4.85317	0	0	0
1.55168	59.4779	72.6187	63.7733	0	0	0
1.77567	15.261	68.4799	8.25677	0	0	0
1.98032	57.2763	13.5545	3.21839	0	0	0
1.44986	71.7227	81.5991	51.5713	0	0	0
1.50496	56.5681	81.9788	74.2802	0	0	0
1.13017	1.89879	62.6101	80.3434	0	0	0
1.13867	75.0337	65.0077	66.7559	0	0	0
1.10928	74.4149	71.6091	66.0966	0	0	0
1.33893	44.2278	29.8698	11.4594	0	0	0
1.59489	98.3497	19.7162	57.5203	0	0	0
1.55626	33.2706	60.7387	0.612195	0	0	0
1.04993	42.3378	52.1834	55.4889	0	0	0
1.98906	34.1622	29.7691	11.9224	0	0	0
1.36061	92.3792	92.2658	49.9278	0	0	0
1.67413	57.2735	16.6837	78.3413	0	0	0
1.31688	88.2928	44.4379	65.5813	0	0	0
1.32521	74.3078	77.0407	92.0094	0	0	0
1.72657	96.7568	49.5297	28.2835	0	0	0
1.30027	10.2683	28.8957	35.0207	0	0	0
1.52606	81.0791	90.5096	51.512	0	0	0
1.15241	20.2787	63.4344	51.3024	0	0	0
1.12658	55.7002	1.23013	80.0708	0	0	0
1.12974	17.9138	58.4121	44.6622	0	0	0
1.06207	2.85004	10.2434	38.7273	0	0	0
1.77158	87.2841	30.7366	49.8153	0	0	0
1.84041	80.2663	78.0987	14.0684	0	0	0
1.90535	6.99438	49.0891	43.1407	0	0	0
1.88073	39.5988	94.6527	3.31482	0	0	0
1.59878	58.0872	54.6172	72.5354	0	0	0
1.13787	55.8473	52.6062	26.7611	0	0	0
1.73761	11.0183	71.4233	79.9678	0	0	0
1.13868	81.6667	18.6951	91.0262	0	0	0
1.68951	49.4317	40.8414	52.9918	0	0	0
1.29698	18.9401	67.0602	20.2326	0	0	0
1.25935	16.1494	63.3734	14.008	0	0	0
1.55748	58.0261	17.3228	15.6257	0	0	0
1.16113	71.94	88.1611	29.9007	0	0	0
1.27787	40.7673	56.6618	1.54844	0	0	0
1.51786	28.0851	81.5162	65.654	0	0	0
1.09752	0.211305	56.6801	78.7027	0	0	0
1.49643	97.5215	31.6945	79.341	0	0	0
1.16462	98.7547	99.5737	42.3962	0	0	0
1.14904	62.9471	56.4042	70.6522	0	0	0
1.20973	73.727	86.2779	37.0865	0	0	0
1.45667	74.439	66.9871	73.4543	0	0	0
1.15206	23.649	75.0027	66.9918	0	0	0
1.51734	56.5189	32.6458	61.4859	0	0	0
1.5673	89.3259	40.1886	6.37327	0	0	0
1.86847	71.8831	85.7143	3.30907	0	0	0
1.70638	85.288	45.7052	85.5419	0	0	0
1.48235	2.1094	56.1941	69.2082	0	0	0
1.75836	42.472	6.29468	21.5033	0	0	0
1.16911	73.2818	94.9576	32.1172	0	0	0
1.96931	69.9603	99.109	48.6648	0	0	0
1.26479	31.7548	10.1507	83.2095	0	0	0
1.21081	50.3394	89.5828	7.92805	0	0	0
1.22222	75.2971	11.2371	92.8603	0	0	0
1.60585	56.9424	78.4022	8.82007	0	0	0
1.59052	34.5963	78.0283	34.8881	0	0	0
1.77068	84.323	56.3915	93.9791	0	0	0
1.57605	51.3491	26.0963	54.5356	0	0	0
1.21309	25.2053	3.20041	47.7887	0	0	0
1.5696	13.3512	30.9982	78.0407	0	0	0
1.63691	20.5809	85.9687	85.913	0	0	0
1.95878	97.2059	78.7733	56.463	0	0	0
1.54148	57.1755	65.2831	13.2	0	0	0
1.91772	43.3114	48.0881	68.8399	0	0	0
1.27634	4.47959	62.8191	85.2391	0	0	0
1.55829	88.9154	39.7747	77.1381	0	0	0
1.14121	42.9751	24.9267	71.0807	0	0	0
1.56326	55.9249	49.1214	20.0168	0	0	0
1.76506	35.0901	5.92977	72.3838	0	0	0
1.32296	84.7031	28.8468	86.4442	0	0	0
1.41879	94.1299	99.6442	33.6502	0	0	0
1.37441	47.7323	2.49018	65.0757	0	0	0
1.52212	65.3093	50.3148	8.04055	0	0	0
1.54225	90.0895	85.1786	68.3453	0	0	0
1.33065	10.1054	39.426	89.3909	0	0	0
1.6603	88.5474	9.40773	42.5361	0	0	0
1.23637	15.3375	14.9199	55.9335	0	0	0
1.00041	43.7667	42.3777	41.9191	0	0	0
1.37897	42.0218	75.5693	75.3379	0	0	0
1.89754	78.0595	40.4136	41.966	0	0	0
1.43369	90.7284	50.0065	97.5934	0	0	0
1.80818	35.1851	65.9387	13.8826	0	0	0
1.4529	5.36473	3.27351	11.3207	0	0	0
1.93912	12.6812	53.8568	17.5496	0	0	0
1.28019	68.7766	73.4831	28.0593	0	0	0
1.12543	15.8607	69.9784	50.4399	0	0	0
1.57883	45.5477	25.7778	47.6366	0	0	0
1.23607	66.1914	89.6026	66.9759	0	0	0
1.5692	39.6091	64.5693	37.7377	0	0	0
1.74794	30.508	51.6203	20.0847	0	0	0
1.35873	54.8938	31.4054	29.7849	0	0	0
1.67575	85.2622	47.3345	95.5938	0	0	0
1.54039	20.8175	23.6531	66.5822	0	0	0
1.36678	93.6315	17.0221	94.5608	0	0	0
1.39179	42.7999	42.1975	62.7863	0	0	0
1.08991	31.8	29.7622	65.9112	0	0	0
1.71409	94.3315	3.64889	46.2033	0	0	0
1.2484	55.2692	66.288	60.7122	0	0	0
1.10163	97.6935	90.4971	77.738	0	0	0
1.82956	37.8316	73.3318	36.9946	0	0	0
1.58649	96.9849	3.57674	95.3274	0	0	0
1.90616	20.5989	89.8882	29.7956	0	0	0
1.63399	32.0857	92.5819	72.3902	0	0	0
1.63886	22.3441	38.3013	35.2948	0	0	0
1.16676	41.9502	81.4982	41.515	0	0	0
1.97219	47.7862	2.22729	7.38238	0	0	0
1.4548	92.7244	85.1204	28.4354	0	0	0
1.30556	58.4522	65.4299	89.2051	0	0	0
1.55437	69.0067	84.5325	46.0535	0	0	0
1.89606	74.4207	75.8491	53.0043	0	0	0
1.06506	68.431	25.3945	70.3921	0	0	0
1.90775	63.6959	5.6869	7.45054	0	0	0
1.05646	87.1851	48.9656	2.86548	0	0	0
1.34971	51.1929	10.2479	80.451	0	0	0
1.43917	95.3683	8.88636	74.4732	0	0	0
1.5382	74.3163	63.6783	9.2576	0	0	0
1.43323	48.2107	55.3111	32.9285	0	0	0
1.22631	31.1602	85.9329	29.1378	0	0	0
1.99591	11.3274	99.5298	90.3662	0	0	0
1.75023	5.21674	97.8167	80.6693	0	0	0
1.92402	46.7823	83.5348	27.3731	0	0	0
1.97975	93.7826	7.82409	41.8925	0	0	0
1.89151	16.7104	16.3657	42.9714	0	0	0
1.91027	80.044	52.229	34.3497	0	0	0
1.28255	7.54011	67.2782	50.8861	0	0	0
1.387	53.2111	80.0239	38.2915	0	0	0
1.64538	79.5537	28.6577	39.5617	0	0	0
1.8477	26.4745	20.231	77.1723	0	0	0
1.73257	3.76578	4.54541	71.232	0	0	0
1.97548	12.3695	13.1244	86.6993	0	0	0
1.2908	29.4901	29.6707	20.1067	0	0	0
1.09534	81.8996	54.4564	37.7888	0	0	0
1.8944	21.7346	88.6749	28.1401	0	0	0
1.74946	68.6988	66.4316	39.4842	0	0	0
1.48253	95.0893	79.0458	33.023	0	0	0
1.21564	99.2768	10.1953	94.8206	0	0	0
1.03043	14.7407	66.0526	0.591033	0	0	0
1.2711	79.177	87.2903	56.1902	0	0	0
1.08667	16.961	76.2968	18.2012	0	0	0
1.98861	30.7532	55.99	88.3004	0	0	0
1.52488	44.6649	16.4405	27.4335	0	0	0
1.13364	82.8721	66.9177	61.6163	0	0	0
1.77961	45.9635	94.6393	99.5253	0	0	0
1.4524	4.8346	94.3459	48.283	0	0	0
1.19575	60.3984	48.874	46.6855	0	0	0
1.39575	36.1644	2.8757	48.2426	0	0	0
1.53125	79.1725	66.4438	51.986	0	0	0
1.09926	22.4338	40.2864	62.4136	0	0	0
1.67099	56.7269	89.8471	80.4625	0	0	0
1.39599	56.7648	42.0787	17.5605	0	0	0
1.02728	36.718	17.0857	47.9688	0	0	0
1.41553	11.4316	96.2518	61.1279	0	0	0
1.7183	45.1258	7.81347	11.4054	0	0	0
1.8129	10.6892	59.648	34.4156	0	0	0
1.89862	26.0918	86.4016	99.7875	0	0	0
1.48526	26.688	62.2011	15.6244	0	0	0
1.83415	52.0482	96.0868	23.0139	0	0	0
1.08813	38.1656	40.5744	11.5414	0	0	0
1.74884	57.6601	59.5102	16.4362	0	0	0
1.69092	55.7619	77.5641	40.9217	0	0	0
1.00888	85.3776	52.3271	82.1779	0	0	0
1.96067	11.9752	16.5934	85.9285	0	0	0
1.38067	2.99502	85.7159	86.5927	0	0	0
1.29683	47.917	2.21705	13.0979	0	0	0
1.99965	98.3039	36.1119	8.77818	0	0	0
1.36469	76.6862	20.3196	11.353	0	0	0
1.34346	79.8297	27.7892	3.43803	0	0	0
1.35592	5.35336	44.3597	36.4793	0	0	0
1.90731	96.6868	18.6572	86.7977	0	0	0
1.08662	35.2506	72.7262	46.729	0	0	0
1.38246	58.4421	33.3217	67.9287	0	0	0
1.06359	35.5387	81.0266	6.32429	0	0	0
1.33843	17.1385	15.1025	70.3121	0	0	0
1.93825	35.4221	81.6651	28.1711	0	0	0
1.15252	9.45434	31.6091	50.8434	0	0	0
1.14808	75.9688	87.3228	5.53866	0	0	0
1.72656	5.97998	92.3364	81.3177	0	0	0
1.41231	65.0626	28.0467	79.4763	0	0	0
1.23505	61.3683	47.405	29.8639	0	0	0
1.96907	28.4316	36.1881	30.7496	0	0	0
1.4557	51.2906	1.06171	39.3948	0	0	0
1.86713	82.7268	67.5659	1.96445	0	0	0
1.92181	99.1751	52.8079	6.98885	0	0	0
1.75144	40.1306	12.5275	47.7996	0	0	0
1.46111	4.8639	29.1173	87.3412	0	0	0
1.69926	57.1639	66.8175	93.4312	0	0	0
1.18532	14.2225	23.2951	15.4393	0	0	0
1.42654	59.4832	46.189	88.2242	0	0	0
1.10774	47.2507	27.619	97.4865	0	0	0
1.29978	95.185	99.451	22.1587	0	0	0
1.9436	52.2588	29.1475	69.504	0	0	0
1.92389	41.675	17.3036	38.5001	0	0	0
1.46539	46.4208	25.8413	16.4654	0	0	0
1.03585	92.6589	9.89663	22.1171	0	0	0
1.06881	33.1917	37.5564	49.5355	0	0	0
1.92675	83.7454	37.7597	3.44874	0	0	0
1.30996	65.3787	0.935241	60.9736	0	0	0
1.60564	0.386199	83.1323	54.9238	0	0	0
1.52645	12.2798	24.4277	45.0345	0	0	0
1.53955	41.7313	83.5346	0.493794	0	0	0
1.88152	9.37589	16.9592	91.7369	0	0	0
1.02035	26.8558	13.8539	8.9161	0	0	0
1.60048	51.4103	58.4516	52.7224	0	0	0
1.35156	96.2112	56.1712	66.1518	0	0	0
1.6159	57.1064	27.1254	22.1536	0	0	0
1.57493	10.2577	77.0774	10.1377	0	0	0
1.22538	1.5051	55.1721	76.4924	0	0	0
1.43236	38.7067	76.9862	31.3885	0	0	0
1.48083	93.9454	23.1253	50.1174	0	0	0
1.20801	36.9793	59.0334	80.8488	0	0	0
1.8839	17.485	33.5712	23.5453	0	0	0
1.13696	89.7424	89.6971	75.2861	0	0	0
1.46849	16.8225	97.4398	4.34146	0	0	0
1.2708	74.5172	14.4791	49.6178	0	0	0
1.76022	69.6513	26.1102	19.2586	0	0	0
1.08358	3.09635	50.6471	56.4406	0	0	0
1.97042	73.7725	6.55793	17.843	0	0	0
1.10752	65.5914	98.6918	99.1413	0	0	0
1.83076	32.263	22.6866	96.7726	0	0	0
1.22005	12.3838	72.0587	68.8542	0	0	0
1.29206	69.4985	73.1957	56.2866	0	0	0
1.44016	87.6748	5.90435	20.0379	0	0	0
1.57326	32.0145	39.2965	65.684	0	0	0
1.35111	89.9437	22.1246	32.1526	0	0	0
1.63716	28.6825	49.9956	74.4678	0	0	0
1.94274	48.6873	73.6092	77.3503	0	0	0
1.8095	96.2958	74.1229	2.95571	0	0	0
1.0868	46.1816	71.8099	37.8859	0	0	0
1.1568	45.0056	94.1724	59.6958	0	0	0
1.3268	0.0767693	79.7337	90.0065	0	0	0
1.32091	19.0303	55.6905	67.2021	0	0	0
1.08974	77.8152	99.3547	72.69	0	0	0
1.06498	49.3503	47.1579	0.771607	0	0	0
1.98038	20.767	78.1219	78.9879	0	0	0
1.17063	52.2448	81.9437	25.7423	0	0	0
1.98426	53.7536	63.6282	14.1065	0	0	0
1.98759	57.8006	73.8023	31.4397	0	0	0
1.57877	53.536	21.4462	89.9687	0	0	0
1.72566	77.1367	57.1708	81.5402	0	0	0
1.54952	56.5256	54.2303	61.4496	0	0	0
1.05876	1.38811	62.2212	3.91351	0	0	0
1.22155	40.3431	82.9015	39.2179	0	0	0
1.92588	64.8451	64.9603	91.0142	0	0	0
1.18599	28.5885	5.12077	17.3579	0	0	0
1.86389	78.9231	48.7976	44.2665	0	0	0
1.32459	70.2437	34.2352	5.02544	0	0	0
1.4738	91.406	86.5657	2.33231	0	0	0
1.47932	40.7959	63.7819	53.8074	0	0	0
1.42184	26.003	57.7209	64.3391	0	0	0
1.66346	40.6224	3.55706	58.9339	0	0	0
1.05467	68.5173	49.9481	24.0662	0	0	0
1.97106	55.0689	41.4241	83.4949	0	0	0
1.33992	90.2217	27.7614	66.4511	0	0	0
1.60465	61.9965	71.4766	7.84585	0	0	0
1.53403	58.0422	10.1782	1.33406	0	0	0
1.98838	73.96	55.1415	41.0222	0	0	0
1.99963	12.8624	5.36133	66.3091	0	0	0
1.53485	8.91839	25.243	58.9522	0	0	0
1.77436	75.1912	83.0184	74.5415	0	0	0
1.3026	24.4425	58.0364	64.2521	0	0	0
1.14664	85.7978	30.7032	75.1295	0	0	0
1.47794	2.17983	82.9754	1.19682	0	0	0
1.60222	93.1535	2.53088	59.0602	0	0	0
1.67114	57.6724	0.0824207	67.0766	0	0	0
1.70535	5.44375	33.3857	24.0195	0	0	0
1.14362	58.6288	82.9717	91.7979	0	0	0
1.3382	65.9901	66.3394	64.08	0	0	0
1.90433	24.3758	28.3321	5.09667	0	0	0
1.10174	59.0354	80.2262	57.9678	0	0	0
1.61215	63.2015	59.1647	21.4373	0	0	0
1.56355	61.6955	80.4975	23.4686	0	0	0
1.19368	80.5799	90.5452	89.9026	0	0	0
1.86024	23.9309	13.9221	0.385829	0	0	0
1.8256	96.8939	92.1837	16.3796	0	0	0
1.62884	58.523	80.4596	53.3165	0	0	0
1.82899	8.79172	58.4132	93.0723	0	0	0
1.67827	38.6394	51.0402	29.0423	0	0	0
1.01841	10.2048	50.4796	58.196	0	0	0
1.719	30.9771	81.6645	91.2683	0	0	0
1.11557	72.2097	81.1709	97.5807	0	0	0
1.96141	95.093	97.9666	78.7003	0	0	0
1.91987	90.1503	95.0798	54.8708	0	0	0
1.48673	75.5394	8.18735	31.5721	0	0	0
1.84331	66.6005	24.6445	52.1583	0	0	0
1.0524	75.6846	81.2006	7.08083	0	0	0
1.85889	31.6802	65.2768	57.7898	0	0	0
1.62657	46.9413	49.0581	74.2143	0	0	0
1.19151	30.229	71.7951	15.2917	0	0	0
1.25322	69.7616	93.992	17.3089	0	0	0
1.59912	89.0718	72.1797	8.58521	0	0	0
1.64611	80.367	40.1573	48.9424	0	0	0
1.46968	64.8018	1.10069	52.2075	0	0	0
1.40486	82.3013	59.2883	26.3759	0	0	0
1.13981	24.5651	84.1657	76.6387	0	0	0
1.71506	33.2238	50.853	90.6575	0	0	0
1.63453	22.6481	5.94924	88.7748	0	0	0
1.9241	99.9412	6.08362	52.3216	0	0	0
1.89013	78.2633	60.9068	53.6243	0	0	0
1.5863	1.06416	2.56669	5.59791	0	0	0
1.65866	3.66738	57.8054	6.35237	0	0	0
1.85969	17.0937	32.7283	99.95	0	0	0
1.41659	16.894	76.5887	13.1653	0	0	0
1.50118	27.4417	3.82287	13.5705	0	0	0
1.5009	9.77211	2.34531	42.4995	0	0	0
1.09713	8.42894	94.8211	98.7263	0	0	0
1.86692	55.7279	52.3506	45.3226	0	0	0
1.56792	54.9173	50.9205	22.658	0	0	0
1.58585	8.72588	29.0104	44.5533	0	0	0
1.2582	61.7387	44.5033	67.4785	0	0	0
1.78633	21.092	80.6438	28.7504	0	0	0
1.48534	84.4667	42.3209	98.6235	0	0	0
1.94239	44.6662	41.123	3.9521	0	0	0
1.53095	35.9441	2.67842	39.7874	0	0	0
1.91672	55.029	85.11	48.4641	0	0	0
1.09946	36.0305	71.1222	68.5309	0	0	0
1.44756	0.132573	13.0842	70.576	0	0	0
1.61871	57.5875	38.0544	40.5038	0	0	0
1.7868	18.6983	69.2542	27.2133	0	0	0
1.03165	11.5752	25.8368	97.4037	0	0	0
1.56241	66.9598	1.35584	9.33659	0	0	0
1.02904	4.03427	49.124	94.576	0	0	0
1.59063	34.234	43.0401	69.0096	0	0	0
1.70264	14.1623	37.5405	15.0208	0	0	0
1.14295	50.6247	85.5968	76.1661	0	0	0
1.08212	23.6512	16.6699	86.8918	0	0	0
1.4235	85.9242	14.1051	45.5145	0	0	0
1.97499	39.942	42.9182	53.7407	0	0	0
1.06902	44.274	63.0773	9.80574	0	0	0
1.48308	12.2013	4.38174	7.37159	0	0	0
1.46435	47.4219	76.3811	16.6998	0	0	0
1.61584	13.9216	31.7206	75.879	0	0	0
1.64546	17.3174	52.0451	72.7586	0	0	0
1.40969	68.7151	59.6504	83.3182	0	0	0
1.54639	73.7555	28.8326	52.1386	0	0	0
1.13697	71.7508	5.87931	20.5993	0	0	0
1.16025	68.9566	30.405	64.3331	0	0	0
1.81158	34.7868	71.7047	27.5933	0	0	0
1.82209	48.0859	44.2931	43.7928	0	0	0
1.62008	76.0137	19.6719	26.5539	0	0	0
1.93331	71.717	99.3125	34.2998	0	0	0
1.40432	58.9629	17.6179	95.0714	0	0	0
1.32718	46.4505	47.2099	46.4159	0	0	0
1.18201	53.0892	67.0152	34.2262	0	0	0
1.22046	97.4202	98.5593	3.20382	0	0	0
1.32207	70.2641	30.7971	14.4156	0	0	0
1.1835	75.0902	58.2084	80.3575	0	0	0
1.51104	77.8803	6.91138	44.435	0	0	0
1.49597	6.22386	78.7347	90.0294	0	0	0
1.65187	96.3527	85.1007	97.9052	0	0	0
1.42803	32.3107	44.3211	61.0046	0	0	0
1.854	11.3363	95.2308	7.44578	0	0	0
1.08756	93.7901	10.6496	40.9635	0	0	0
1.64054	41.4467	55.3791	82.4041	0	0	0
1.16537	13.5875	62.7616	67.6407	0	0	0
1.91468	69.673	12.0757	41.0651	0	0	0
1.75897	90.8104	31.0944	41.0836	0	0	0
1.87163	16.1952	38.9888	29.9663	0	0	0
1.48506	83.3099	90.9708	33.9058	0	0	0
1.94646	86.2016	41.3516	3.40263	0	0	0
1.79992	52.0012	44.3661	44.0458	0	0	0
1.93448	99.7451	26.45	9.98469	0	0	0
1.13333	89.2116	77.6254	4.8004	0	0	0
1.58885	89.7011	45.8655	34.7815	0	0	0
1.80511	76.9599	75.8651	67.6745	0	0	0
1.93155	14.8539	97.6408	41.6609	0	0	0
1.98164	88.6116	75.5667	92.8099	0	0	0
1.74813	16.9183	96.2125	54.8048	0	0	0
1.68919	40.5786	98.8506	62.3672	0	0	0
1.40324	25.3006	72.3519	53.6564	0	0	0
1.14512	49.9773	58.4568	73.3968	0	0	0
1.39678	4.32225	8.17827	20.1899	0	0	0
1.81282	84.0433	87.8644	74.4372	0	0	0
1.98897	85.5051	16.0982	97.061	0	0	0
1.74117	91.6649	89.8709	48.9298	0	0	0
1.08583	86.0834	3.73466	77.5025	0	0	0
1.26662	2.58531	39.8698	66.9857	0	0	0
1.27886	12.2217	20.6421	42.3981	0	0	0
1.62199	79.0989	15.7949	1.87743	0	0	0
1.83421	23.9732	22.0673	64.7033	0	0	0
1.08017	9.93164	39.1405	6.91378	0	0	0
1.95437	55.2387	3.97475	69.5535	0	0	0
1.46904	93.8456	18.4833	55.4866	0	0	0
1.79929	22.218	32.9892	6.59098	0	0	0
1.24803	72.8589	73.5767	52.6892	0	0	0
1.85081	94.2188	95.0873	47.2796	0	0	0
1.73318	10.8823	49.1571	56.7389	0	0	0
1.34855	71.2244	21.4422	42.872	0	0	0
1.81156	60.5827	49.7858	76.5928	0	0	0
1.15821	53.7606	46.1462	62.725	0	0	0
1.47606	64.6295	18.2116	27.5352	0	0	0
1.86848	51.2008	34.1262	11.6508	0	0	0
1.2406	7.70289	64.34	9.14027	0	0	0
1.01922	59.4273	56.4199	75.2395	0	0	0
1.7031	5.57698	31.9784	5.16508	0	0	0
1.76801	53.4206	48.0371	57.9573	0	0	0
1.14003	97.8229	34.5501	29.8248	0	0	0
1.51584	80.6963	92.5497	99.1897	0	0	0
1.45326	10.7613	26.7249	32.1734	0	0	0
1.61962	60.851	43.8242	86.0217	0	0	0
1.68554	8.16417	95.162	70.4757	0	0	0
1.67592	51.5819	45.7151	37.9011	0	0	0
1.57159	77.6935	43.0662	33.9602	0	0	0
1.31114	91.1033	91.9176	45.1175	0	0	0
1.88926	26.4676	74.9422	40.5098	0	0	0
1.07164	67.4919	39.6995	52.4898	0	0	0
1.78253	66.4243	84.6632	40.2153	0	0	0
1.27275	28.4874	26.2371	95.8293	0	0	0
1.36652	21.3991	66.3049	4.24307	0	0	0
1.72981	12.0201	42.1442	30.1399	0	0	0
1.89714	85.2104	64.1001	20.8278	0	0	0
1.76314	56.0176	65.9452	65.2399	0	0	0
1.82485	40.8875	5.74968	89.6493	0	0	0
1.08379	45.4491	42.1391	86.6327	0	0	0
1.11873	26.8023	26.848	39.1488	0	0	0
1.5529	53.0851	34.9781	91.9413	0	0	0
1.74484	1.28304	96.1843	47.4651	0	0	0
1.13303	38.3285	77.605	3.01674	0	0	0
1.23539	41.7051	23.8445	99.8525	0	0	0
1.97723	89.7897	65.0924	80.208	0	0	0
1.30677	70.8421	69.8573	39.0566	0	0	0
1.16291	11.9964	25.6892	28.1647	0	0	0
1.38799	52.5373	67.3135	94.0884	0	0	0
1.05622	2.2916	86.0296	80.1065	0	0	0
1.03575	82.2139	27.5716	16.8778	0	0	0
1.20542	5.17661	19.8945	44.0813	0	0	0
1.46882	43.739	43.9338	44.6045	0	0	0
1.33529	9.02622	24.8125	64.2059	0	0	0
1.79868	94.6698	3.2625	96.1596	0	0	0
1.06666	28.9518	24.3243	45.4649	0	0	0
1.81489	91.6378	39.5532	87.1113	0	0	0
1.93929	25.5829	67.2178	97.504	0	0	0
1.07797	94.7894	14.3818	28.3392	0	0	0
1.99966	34.2763	72.4205	46.8477	0	0	0
1.78015	16.3543	91.4522	11.544	0	0	0
1.25381	16.2647	75.7499	5.24885	0	0	0
1.10934	79.0125	1.40841	17.6006	0	0	0
1.07964	25.7327	63.0655	89.4532	0	0	0
1.1737	2.61872	76.5645	11.2998	0	0	0
1.28202	43.7823	8.80377	35.9984	0	0	0
1.38572	23.1855	64.3376	38.5378	0	0	0
1.57462	36.7581	85.3855	35.4771	0	0	0
1.53112	76.8377	47.0211	78.4929	0	0	0
1.93102	22.7711	83.7417	4.03683	0	0	0
1.01784	85.1501	21.6375	9.74775	0	0	0
1.10883	84.703	99.201	28.2532	0	0	0
1.87322	75.7655	39.553	15.5233	0	0	0
1.19548	48.3568	51.5216	58.1196	0	0	0
1.71542	15.8592	96.6573	29.0041	0	0	0
1.52617	82.0428	64.4812	5.72967	0	0	0
1.5888	11.5024	84.2226	51.9828	0	0	0
1.34273	67.9643	56.0197	36.057	0	0	0
1.53114	77.6571	45.8048	63.9973	0	0	0
1.6236	45.0057	92.2505	49.6818	0	0	0
1.20771	31.8035	65.2051	40.3191	0	0	0
1.8016	16.7267	98.4386	51.7026	0	0	0
1.32586	95.0959	80.7067	85.2032	0	0	0
1.77139	45.1879	90.9329	36.0192	0	0	0
1.5669	75.1554	88.002	90.9638	0	0	0
1.4312	44.0217	27.0209	96.2342	0	0	0
1.21679	72.8256	60.2314	84.039	0	0	0
1.17831	52.4819	33.7208	38.6026	0	0	0
1.84285	98.9258	78.9217	64.4457	0	0	0
1.15653	77.3603	16.1482	48.2384	0	0	0
1.72456	96.8549	33.4416	49.5949	0	0	0
1.42043	24.3745	85.6141	98.7332	0	0	0
1.9953	73.6162	89.697	42.6496	0	0	0
1.17638	16.7179	38.8838	39.3168	0	0	0
1.89544	99.1152	23.3557	7.3749	0	0	0
1.51597	57.0765	45.9775	35.8825	0	0	0
1.56002	24.8992	0.328197	71.6548	0	0	0
1.02259	16.4764	19.8933	74.7157	0	0	0
1.13331	53.3348	24.3106	55.3743	0	0	0
1.77709	9.92475	54.1075	77.2392	0	0	0
1.83541	43.8045	19.8887	1.17881	0	0	0
1.60522	58.7725	40.4956	50.0659	0	0	0
1.57888	63.8513	57.4408	9.48478	0	0	0
1.20928	3.41828	45.3673	76.9301	0	0	0
1.28317	45.6955	48.585	30.577	0	0	0
1.62172	68.4782	5.29265	75.5033	0	0	0
1.21813	29.6033	30.8776	99.5223	0	0	0
1.39528	84.985	76.7615	23.0689	0	0	0
1.2879	96.6503	24.2477	89.3119	0	0	0
1.55423	64.7433	39.3777	13.3104	0	0	0
1.28595	96.8185	22.7952	49.5224	0	0	0
1.00237	68.1625	26.4525	28.5543	0	0	0
1.13858	75.0374	59.1312	76.03	0	0	0
1.43516	64.4239	51.5333	65.3287	0	0	0
1.94027	82.4109	64.8511	33.5551	0	0	0
1.67396	41.6126	56.6241	96.1854	0	0	0
1.38263	80.8718	85.4973	93.6856	0	0	0
